{"level":"info","message":"Connected to the database...","timestamp":"2022-12-19T13:38:33.847Z"}
{"level":"info","message":"Connected to the database...","timestamp":"2022-12-19T13:40:20.753Z"}
{"level":"info","message":"Connected to the database...","timestamp":"2022-12-19T13:42:12.459Z"}
{"level":"info","message":"Connected to the database...","timestamp":"2022-12-19T13:45:35.450Z"}
{"level":"info","message":"Connected to the database...","timestamp":"2022-12-19T13:46:01.343Z"}
{"level":"info","message":"Connected to the database...","timestamp":"2022-12-19T13:47:43.704Z"}
{"level":"info","message":"Connected to the database...","timestamp":"2022-12-19T13:49:43.977Z"}
{"level":"info","message":"Connected to the database...","timestamp":"2022-12-19T13:50:37.716Z"}
{"level":"info","message":"Connected to the database...","timestamp":"2022-12-19T13:52:41.459Z"}
{"level":"info","message":"Connected to the database...","timestamp":"2022-12-19T13:53:26.083Z"}
{"level":"info","message":"Connected to the database...","timestamp":"2022-12-19T13:55:16.011Z"}
{"level":"info","message":"Connected to the database...","timestamp":"2022-12-19T13:55:50.760Z"}
{"level":"info","message":"Connected to the database...","timestamp":"2022-12-19T13:56:05.205Z"}
{"level":"info","message":"Connected to the database...","timestamp":"2022-12-19T13:58:03.232Z"}
{"level":"info","message":"App is listening on port 80","timestamp":"2022-12-19T14:00:30.340Z"}
{"level":"info","message":"Connected to the database...","timestamp":"2022-12-19T14:00:30.350Z"}
{"level":"info","message":"App is listening on port 80","timestamp":"2022-12-19T14:05:55.106Z"}
{"level":"info","message":"Connected to the database...","timestamp":"2022-12-19T14:05:55.117Z"}
{"level":"info","message":"App is listening on port 80","timestamp":"2022-12-22T03:51:47.915Z"}
{"level":"info","message":"Connected to the database...","timestamp":"2022-12-22T03:51:54.060Z"}
{"message":"Cannot destructure property 'name' of 'req.body' as it is undefined.","stack":"TypeError: Cannot destructure property 'name' of 'req.body' as it is undefined.\n    at addUser (/Users/ifeanyi-ibe/Desktop/Vidly/vidly-backend/controllers/user.js:12:11)\n    at newFn (/Users/ifeanyi-ibe/Desktop/Vidly/vidly-backend/node_modules/express-async-errors/index.js:16:20)\n    at Layer.handle [as handle_request] (/Users/ifeanyi-ibe/Desktop/Vidly/vidly-backend/node_modules/express/lib/router/layer.js:95:5)\n    at next (/Users/ifeanyi-ibe/Desktop/Vidly/vidly-backend/node_modules/express/lib/router/route.js:144:13)\n    at Route.dispatch (/Users/ifeanyi-ibe/Desktop/Vidly/vidly-backend/node_modules/express/lib/router/route.js:114:3)\n    at newFn (/Users/ifeanyi-ibe/Desktop/Vidly/vidly-backend/node_modules/express-async-errors/index.js:16:20)\n    at Layer.handle [as handle_request] (/Users/ifeanyi-ibe/Desktop/Vidly/vidly-backend/node_modules/express/lib/router/layer.js:95:5)\n    at /Users/ifeanyi-ibe/Desktop/Vidly/vidly-backend/node_modules/express/lib/router/index.js:284:15\n    at Function.process_params (/Users/ifeanyi-ibe/Desktop/Vidly/vidly-backend/node_modules/express/lib/router/index.js:346:12)\n    at next (/Users/ifeanyi-ibe/Desktop/Vidly/vidly-backend/node_modules/express/lib/router/index.js:280:10)","level":"error","timestamp":"2022-12-22T04:02:38.454Z"}
{"level":"info","message":"App is listening on port 80","timestamp":"2022-12-22T04:07:12.066Z"}
{"level":"info","message":"App is listening on port 80","timestamp":"2022-12-22T04:07:24.623Z"}
{"message":"Unexpected token } in JSON at position 81","stack":"SyntaxError: Unexpected token } in JSON at position 81\n    at JSON.parse (<anonymous>)\n    at parse (/Users/ifeanyi-ibe/Desktop/Vidly/vidly-backend/node_modules/body-parser/lib/types/json.js:89:19)\n    at /Users/ifeanyi-ibe/Desktop/Vidly/vidly-backend/node_modules/body-parser/lib/read.js:128:18\n    at AsyncResource.runInAsyncScope (node:async_hooks:202:9)\n    at invokeCallback (/Users/ifeanyi-ibe/Desktop/Vidly/vidly-backend/node_modules/raw-body/index.js:231:16)\n    at done (/Users/ifeanyi-ibe/Desktop/Vidly/vidly-backend/node_modules/raw-body/index.js:220:7)\n    at IncomingMessage.onEnd (/Users/ifeanyi-ibe/Desktop/Vidly/vidly-backend/node_modules/raw-body/index.js:280:7)\n    at IncomingMessage.emit (node:events:527:28)\n    at endReadableNT (node:internal/streams/readable:1344:12)\n    at process.processTicksAndRejections (node:internal/process/task_queues:82:21)","expose":true,"statusCode":400,"status":400,"body":"{\n    \"name\": \"Udoma Akin\",\n    \"email\": \"akinudoma@gmail.com\",\n    \"3#akin_udo\"\n}","type":"entity.parse.failed","level":"error","timestamp":"2022-12-22T04:07:29.952Z"}
{"level":"info","message":"App is listening on port 80","timestamp":"2022-12-22T04:08:37.776Z"}
{"level":"info","message":"App is listening on port 80","timestamp":"2022-12-22T04:13:15.315Z"}
{"level":"info","message":"App is listening on port 80","timestamp":"2022-12-22T04:16:33.774Z"}
{"level":"info","message":"App is listening on port 80","timestamp":"2022-12-22T04:21:04.236Z"}
{"level":"info","message":"App is listening on port 80","timestamp":"2022-12-22T04:26:04.162Z"}
{"level":"info","message":"App is listening on port 80","timestamp":"2022-12-22T04:42:03.842Z"}
{"level":"info","message":"App is listening on port 80","timestamp":"2022-12-22T18:44:13.834Z"}
{"level":"info","message":"App is listening on port 80","timestamp":"2022-12-22T18:47:28.626Z"}
{"level":"info","message":"App is listening on port 80","timestamp":"2022-12-23T06:58:20.407Z"}
{"level":"info","message":"Connected to the database...","timestamp":"2022-12-23T06:58:20.519Z"}
{"message":"Unexpected token '}', ...\"\"5_#mona\"\n}\" is not valid JSON","stack":"SyntaxError: Unexpected token '}', ...\"\"5_#mona\"\n}\" is not valid JSON\n    at JSON.parse (<anonymous>)\n    at parse (/Users/ifeanyi-ibe/Desktop/Vidly/vidly-backend/node_modules/body-parser/lib/types/json.js:89:19)\n    at /Users/ifeanyi-ibe/Desktop/Vidly/vidly-backend/node_modules/body-parser/lib/read.js:128:18\n    at AsyncResource.runInAsyncScope (node:async_hooks:204:9)\n    at invokeCallback (/Users/ifeanyi-ibe/Desktop/Vidly/vidly-backend/node_modules/raw-body/index.js:231:16)\n    at done (/Users/ifeanyi-ibe/Desktop/Vidly/vidly-backend/node_modules/raw-body/index.js:220:7)\n    at IncomingMessage.onEnd (/Users/ifeanyi-ibe/Desktop/Vidly/vidly-backend/node_modules/raw-body/index.js:280:7)\n    at IncomingMessage.emit (node:events:513:28)\n    at endReadableNT (node:internal/streams/readable:1359:12)\n    at process.processTicksAndRejections (node:internal/process/task_queues:82:21)","expose":true,"statusCode":400,"status":400,"body":"{\n    \"name\": \"Almona Kevin\",\n    \"email\": \"amona@gmail.com\",\n    \"5_#mona\"\n}","type":"entity.parse.failed","level":"error","timestamp":"2022-12-23T07:00:54.493Z"}
{"level":"info","message":"App is listening on port 80","timestamp":"2022-12-23T07:03:16.821Z"}
{"level":"info","message":"Connected to the database...","timestamp":"2022-12-23T07:03:16.885Z"}
{"level":"info","message":"App is listening on port 80","timestamp":"2022-12-23T07:23:43.936Z"}
{"level":"info","message":"Connected to the database...","timestamp":"2022-12-23T07:23:43.967Z"}
